# JRE version: OpenJDK Runtime Environment (8.0_152) (build 1.8.0_152-release-1343-b16-5323222)
# Java VM: OpenJDK 64-Bit Server VM (25.152-b16-5323222 mixed mode linux-amd64 compressed oops)
Heap:
 PSYoungGen      total 197120K, used 128K [0x00000000e0000000, 0x00000000ed180000, 0x0000000100000000)
  eden space 179712K, 0% used [0x00000000e0000000,0x00000000e0000000,0x00000000eaf80000)
  from space 17408K, 0% used [0x00000000eaf80000,0x00000000eafa0000,0x00000000ec080000)
  to   space 15360K, 0% used [0x00000000ec280000,0x00000000ec280000,0x00000000ed180000)
 ParOldGen       total 48640K, used 35065K [0x00000000a0000000, 0x00000000a2f80000, 0x00000000e0000000)
  object space 48640K, 72% used [0x00000000a0000000,0x00000000a223e5d8,0x00000000a2f80000)
 Metaspace       used 57502K, capacity 58928K, committed 59028K, reserved 1099776K
  class space    used 7771K, capacity 8133K, committed 8192K, reserved 1048576K
GC Heap History (10 events):
Event: 43.244 GC heap after
Heap after GC invocations=10 (full 1):
 PSYoungGen      total 105472K, used 8701K [0x00000000e0000000, 0x00000000e9280000, 0x0000000100000000)
  eden space 96768K, 0% used [0x00000000e0000000,0x00000000e0000000,0x00000000e5e80000)
  from space 8704K, 99% used [0x00000000e5e80000,0x00000000e66ff540,0x00000000e6700000)
  to   space 10240K, 0% used [0x00000000e8880000,0x00000000e8880000,0x00000000e9280000)
 ParOldGen       total 31744K, used 11436K [0x00000000a0000000, 0x00000000a1f00000, 0x00000000e0000000)
  object space 31744K, 36% used [0x00000000a0000000,0x00000000a0b2b300,0x00000000a1f00000)
 Metaspace       used 29531K, capacity 29908K, committed 30336K, reserved 1075200K
  class space    used 4028K, capacity 4208K, committed 4224K, reserved 1048576K
}
Event: 72.468 GC heap before
{Heap before GC invocations=11 (full 1):
 PSYoungGen      total 105472K, used 90997K [0x00000000e0000000, 0x00000000e9280000, 0x0000000100000000)
  eden space 96768K, 85% used [0x00000000e0000000,0x00000000e505df68,0x00000000e5e80000)
  from space 8704K, 99% used [0x00000000e5e80000,0x00000000e66ff540,0x00000000e6700000)
  to   space 10240K, 0% used [0x00000000e8880000,0x00000000e8880000,0x00000000e9280000)
 ParOldGen       total 31744K, used 11436K [0x00000000a0000000, 0x00000000a1f00000, 0x00000000e0000000)
  object space 31744K, 36% used [0x00000000a0000000,0x00000000a0b2b300,0x00000000a1f00000)
 Metaspace       used 34629K, capacity 35170K, committed 35416K, reserved 1079296K
  class space    used 4784K, capacity 4966K, committed 4992K, reserved 1048576K
Event: 72.848 GC heap after
Heap after GC invocations=11 (full 1):
 PSYoungGen      total 137728K, used 10239K [0x00000000e0000000, 0x00000000e9480000, 0x0000000100000000)
  eden space 127488K, 0% used [0x00000000e0000000,0x00000000e0000000,0x00000000e7c80000)
  from space 10240K, 99% used [0x00000000e8880000,0x00000000e927ffc8,0x00000000e9280000)
  to   space 12288K, 0% used [0x00000000e7c80000,0x00000000e7c80000,0x00000000e8880000)
 ParOldGen       total 31744K, used 13298K [0x00000000a0000000, 0x00000000a1f00000, 0x00000000e0000000)
  object space 31744K, 41% used [0x00000000a0000000,0x00000000a0cfc9c0,0x00000000a1f00000)
 Metaspace       used 34629K, capacity 35170K, committed 35416K, reserved 1079296K
  class space    used 4784K, capacity 4966K, committed 4992K, reserved 1048576K
}
Event: 72.848 GC heap before
{Heap before GC invocations=12 (full 2):
 PSYoungGen      total 137728K, used 10239K [0x00000000e0000000, 0x00000000e9480000, 0x0000000100000000)
  eden space 127488K, 0% used [0x00000000e0000000,0x00000000e0000000,0x00000000e7c80000)
  from space 10240K, 99% used [0x00000000e8880000,0x00000000e927ffc8,0x00000000e9280000)
  to   space 12288K, 0% used [0x00000000e7c80000,0x00000000e7c80000,0x00000000e8880000)
 ParOldGen       total 31744K, used 13298K [0x00000000a0000000, 0x00000000a1f00000, 0x00000000e0000000)
  object space 31744K, 41% used [0x00000000a0000000,0x00000000a0cfc9c0,0x00000000a1f00000)
 Metaspace       used 34629K, capacity 35170K, committed 35416K, reserved 1079296K
  class space    used 4784K, capacity 4966K, committed 4992K, reserved 1048576K
Event: 73.575 GC heap after
Heap after GC invocations=12 (full 2):
 PSYoungGen      total 137728K, used 0K [0x00000000e0000000, 0x00000000e9480000, 0x0000000100000000)
  eden space 127488K, 0% used [0x00000000e0000000,0x00000000e0000000,0x00000000e7c80000)
  from space 10240K, 0% used [0x00000000e8880000,0x00000000e8880000,0x00000000e9280000)
  to   space 12288K, 0% used [0x00000000e7c80000,0x00000000e7c80000,0x00000000e8880000)
 ParOldGen       total 48640K, used 18623K [0x00000000a0000000, 0x00000000a2f80000, 0x00000000e0000000)
  object space 48640K, 38% used [0x00000000a0000000,0x00000000a122ff20,0x00000000a2f80000)
 Metaspace       used 34629K, capacity 35170K, committed 35416K, reserved 1079296K
  class space    used 4784K, capacity 4966K, committed 4992K, reserved 1048576K
}
Event: 98.516 GC heap before
{Heap before GC invocations=13 (full 2):
 PSYoungGen      total 137728K, used 127488K [0x00000000e0000000, 0x00000000e9480000, 0x0000000100000000)
  eden space 127488K, 100% used [0x00000000e0000000,0x00000000e7c80000,0x00000000e7c80000)
  from space 10240K, 0% used [0x00000000e8880000,0x00000000e8880000,0x00000000e9280000)
  to   space 12288K, 0% used [0x00000000e7c80000,0x00000000e7c80000,0x00000000e8880000)
 ParOldGen       total 48640K, used 18623K [0x00000000a0000000, 0x00000000a2f80000, 0x00000000e0000000)
  object space 48640K, 38% used [0x00000000a0000000,0x00000000a122ff20,0x00000000a2f80000)
 Metaspace       used 46256K, capacity 47134K, committed 47448K, reserved 1089536K
  class space    used 6284K, capacity 6526K, committed 6528K, reserved 1048576K
Event: 101.948 GC heap after
Heap after GC invocations=13 (full 2):
 PSYoungGen      total 139776K, used 12265K [0x00000000e0000000, 0x00000000ed200000, 0x0000000100000000)
  eden space 127488K, 0% used [0x00000000e0000000,0x00000000e0000000,0x00000000e7c80000)
  from space 12288K, 99% used [0x00000000e7c80000,0x00000000e887a728,0x00000000e8880000)
  to   space 15872K, 0% used [0x00000000ec280000,0x00000000ec280000,0x00000000ed200000)
 ParOldGen       total 48640K, used 22322K [0x00000000a0000000, 0x00000000a2f80000, 0x00000000e0000000)
  object space 48640K, 45% used [0x00000000a0000000,0x00000000a15ccbf8,0x00000000a2f80000)
 Metaspace       used 46256K, capacity 47134K, committed 47448K, reserved 1089536K
  class space    used 6284K, capacity 6526K, committed 6528K, reserved 1048576K
}
Event: 151.122 GC heap before
{Heap before GC invocations=14 (full 2):
 PSYoungGen      total 139776K, used 139753K [0x00000000e0000000, 0x00000000ed200000, 0x0000000100000000)
  eden space 127488K, 100% used [0x00000000e0000000,0x00000000e7c80000,0x00000000e7c80000)
  from space 12288K, 99% used [0x00000000e7c80000,0x00000000e887a728,0x00000000e8880000)
  to   space 15872K, 0% used [0x00000000ec280000,0x00000000ec280000,0x00000000ed200000)
 ParOldGen       total 48640K, used 22322K [0x00000000a0000000, 0x00000000a2f80000, 0x00000000e0000000)
  object space 48640K, 45% used [0x00000000a0000000,0x00000000a15ccbf8,0x00000000a2f80000)
 Metaspace       used 57464K, capacity 58928K, committed 59028K, reserved 1099776K
  class space    used 7767K, capacity 8133K, committed 8192K, reserved 1048576K
Event: 151.627 GC heap after
Heap after GC invocations=14 (full 2):
 PSYoungGen      total 195072K, used 13498K [0x00000000e0000000, 0x00000000ed180000, 0x0000000100000000)
  eden space 179712K, 0% used [0x00000000e0000000,0x00000000e0000000,0x00000000eaf80000)
  from space 15360K, 87% used [0x00000000ec280000,0x00000000ecfae968,0x00000000ed180000)
  to   space 17408K, 0% used [0x00000000eaf80000,0x00000000eaf80000,0x00000000ec080000)
 ParOldGen       total 48640K, used 30029K [0x00000000a0000000, 0x00000000a2f80000, 0x00000000e0000000)
  object space 48640K, 61% used [0x00000000a0000000,0x00000000a1d53630,0x00000000a2f80000)
 Metaspace       used 57464K, capacity 58928K, committed 59028K, reserved 1099776K
  class space    used 7767K, capacity 8133K, committed 8192K, reserved 1048576K
}
Event: 152.289 GC heap before
{Heap before GC invocations=15 (full 2):
 PSYoungGen      total 195072K, used 17167K [0x00000000e0000000, 0x00000000ed180000, 0x0000000100000000)
  eden space 179712K, 2% used [0x00000000e0000000,0x00000000e03952b8,0x00000000eaf80000)
  from space 15360K, 87% used [0x00000000ec280000,0x00000000ecfae968,0x00000000ed180000)
  to   space 17408K, 0% used [0x00000000eaf80000,0x00000000eaf80000,0x00000000ec080000)
 ParOldGen       total 48640K, used 30029K [0x00000000a0000000, 0x00000000a2f80000, 0x00000000e0000000)
  object space 48640K, 61% used [0x00000000a0000000,0x00000000a1d53630,0x00000000a2f80000)
 Metaspace       used 57502K, capacity 58928K, committed 59028K, reserved 1099776K
  class space    used 7771K, capacity 8133K, committed 8192K, reserved 1048576K

